"../../../../../../Users/dadas/Documents/Unreal Projects/IntoTheLabyrinth/Content/AdvancedVillagePack/Animations/Butterfly_Anim_Var01_Skeleton.uasset" 0
"../../../../../../Users/dadas/Documents/Unreal Projects/IntoTheLabyrinth/Content/AdvancedVillagePack/Animations/Butterfly_Anim_Var02.uasset" 1
"../../../../../../Users/dadas/Documents/Unreal Projects/IntoTheLabyrinth/Content/AdvancedVillagePack/Animations/Butterfly_Anim_Var03.uasset" 2
"../../../../../../Users/dadas/Documents/Unreal Projects/IntoTheLabyrinth/Content/AdvancedVillagePack/Animations/Butterfly_Anim_Var04.uasset" 3
"../../../../../../Users/dadas/Documents/Unreal Projects/IntoTheLabyrinth/Content/AdvancedVillagePack/Animations/Butterfly_Anim_Var05.uasset" 4
"../../../../../../Users/dadas/Documents/Unreal Projects/IntoTheLabyrinth/Content/AdvancedVillagePack/Maps/Texture2D_6_BaseColor.uasset" 5
"../../../../../../Users/dadas/Documents/Unreal Projects/IntoTheLabyrinth/Content/Characters/Maria/Mesh/Maria_Skeleton.uasset" 6
"../../../../../../Users/dadas/Documents/Unreal Projects/IntoTheLabyrinth/Content/Characters/Maria/animations/Pushing.uasset" 7
"../../../../../../Users/dadas/Documents/Unreal Projects/IntoTheLabyrinth/Content/Characters/Maria/animations/Push_Start.uasset" 8
"../../../../../../Users/dadas/Documents/Unreal Projects/IntoTheLabyrinth/Content/Characters/Maria/animations/Push_Stop.uasset" 9
"../../../../../../Users/dadas/Documents/Unreal Projects/IntoTheLabyrinth/Content/Characters/Maria/BP/BP_New.uasset" 10
"../../../../../../Users/dadas/Documents/Unreal Projects/IntoTheLabyrinth/Content/sounds/steps_cue.uasset" 11
"../../../../../../Users/dadas/Documents/Unreal Projects/IntoTheLabyrinth/Content/Characters/Maria/animations/JumpingDown.uasset" 12
"../../../../../../Users/dadas/Documents/Unreal Projects/IntoTheLabyrinth/Content/Characters/Maria/animations/jumpingLoop.uasset" 13
"../../../../../../Users/dadas/Documents/Unreal Projects/IntoTheLabyrinth/Content/sounds/jump_cue.uasset" 14
"../../../../../../Users/dadas/Documents/Unreal Projects/IntoTheLabyrinth/Content/Characters/Maria/animations/JumpingUp.uasset" 15
"../../../../../../Users/dadas/Documents/Unreal Projects/IntoTheLabyrinth/Content/Characters/Maria/animations/idle.uasset" 16
"../../../../../../Users/dadas/Documents/Unreal Projects/IntoTheLabyrinth/Content/Characters/Maria/animations/running.uasset" 17
"../../../../../../Users/dadas/Documents/Unreal Projects/IntoTheLabyrinth/Content/Characters/Maria/animations/walking.uasset" 18
"../../../../../../Users/dadas/Documents/Unreal Projects/IntoTheLabyrinth/Content/Characters/Maria/animations/Maria_blendspace_2D.uasset" 19
"../../../Engine/Content/EditorBlueprintResources/StandardMacros.uasset" 20
"../../../../../../Users/dadas/Documents/Unreal Projects/IntoTheLabyrinth/Content/Characters/Maria/animations/Maria_animationBP.uasset" 21
"../../../../../../Users/dadas/Documents/Unreal Projects/IntoTheLabyrinth/Content/Characters/Maria/animations/PickFruit.uasset" 22
"../../../../../../Users/dadas/Documents/Unreal Projects/IntoTheLabyrinth/Content/Characters/Maria/animations/PickFruit_montage.uasset" 23
"../../../../../../Users/dadas/Documents/Unreal Projects/IntoTheLabyrinth/Content/items/structures/Items.uasset" 24
"../../../../../../Users/dadas/Documents/Unreal Projects/IntoTheLabyrinth/Content/items/structures/structure_item.uasset" 25
"../../../../../../Users/dadas/Documents/Unreal Projects/IntoTheLabyrinth/Content/items/structures/structure_item_complete.uasset" 26
"../../../../../../Users/dadas/Documents/Unreal Projects/IntoTheLabyrinth/Content/Textures/Key_Albedo.uasset" 27
"../../../../../../Users/dadas/Documents/Unreal Projects/IntoTheLabyrinth/Content/Textures/Key_Norm.uasset" 28
"../../../../../../Users/dadas/Documents/Unreal Projects/IntoTheLabyrinth/Content/Textures/Key_Roughness.uasset" 29
"../../../../../../Users/dadas/Documents/Unreal Projects/IntoTheLabyrinth/Content/materials/Key1.uasset" 30
"../../../../../../Users/dadas/Documents/Unreal Projects/IntoTheLabyrinth/Content/meshes/KEY.uasset" 31
"../../../../../../Users/dadas/Documents/Unreal Projects/IntoTheLabyrinth/Content/Textures/T_Detail_N.uasset" 32
"../../../../../../Users/dadas/Documents/Unreal Projects/IntoTheLabyrinth/Content/Textures/T_Pack_01_D.uasset" 33
"../../../../../../Users/dadas/Documents/Unreal Projects/IntoTheLabyrinth/Content/Textures/T_Pack_01_N.uasset" 34
"../../../../../../Users/dadas/Documents/Unreal Projects/IntoTheLabyrinth/Content/Textures/T_Pack_01_RM.uasset" 35
"../../../../../../Users/dadas/Documents/Unreal Projects/IntoTheLabyrinth/Content/Textures/T_Pack_03_E.uasset" 36
"../../../../../../Users/dadas/Documents/Unreal Projects/IntoTheLabyrinth/Content/Materials/M_Uber.uasset" 37
"../../../../../../Users/dadas/Documents/Unreal Projects/IntoTheLabyrinth/Content/Textures/T_Pack_02_D.uasset" 38
"../../../../../../Users/dadas/Documents/Unreal Projects/IntoTheLabyrinth/Content/Textures/T_Pack_02_N.uasset" 39
"../../../../../../Users/dadas/Documents/Unreal Projects/IntoTheLabyrinth/Content/Textures/T_Pack_02_RM.uasset" 40
"../../../../../../Users/dadas/Documents/Unreal Projects/IntoTheLabyrinth/Content/materials/M_Inst_Pack_02.uasset" 41
"../../../../../../Users/dadas/Documents/Unreal Projects/IntoTheLabyrinth/Content/meshes/SM_Mushroom_Var01.uasset" 42
"../../../../../../Users/dadas/Documents/Unreal Projects/IntoTheLabyrinth/Content/meshes/SM_Mushroom_Var03.uasset" 43
"../../../../../../Users/dadas/Documents/Unreal Projects/IntoTheLabyrinth/Content/meshes/SM_Mushroom_Var04.uasset" 44
"../../../../../../Users/dadas/Documents/Unreal Projects/IntoTheLabyrinth/Content/meshes/SM_Mushroom_Var05.uasset" 45
"../../../../../../Users/dadas/Documents/Unreal Projects/IntoTheLabyrinth/Content/meshes/SM_Mushroom_Var06.uasset" 46
"../../../../../../Users/dadas/Documents/Unreal Projects/IntoTheLabyrinth/Content/UI/Textures/key.uasset" 47
"../../../../../../Users/dadas/Documents/Unreal Projects/IntoTheLabyrinth/Content/UI/Textures/mushroom-64.uasset" 48
"../../../../../../Users/dadas/Documents/Unreal Projects/IntoTheLabyrinth/Content/items/structures/Items_table.uasset" 49
"../../../../../../Users/dadas/Documents/Unreal Projects/IntoTheLabyrinth/Content/sounds/384867__ali-6868__right-grass-grassy-footstep-2.uasset" 50
"../../../../../../Users/dadas/Documents/Unreal Projects/IntoTheLabyrinth/Content/UI/Fonts/INKFREE.uasset" 51
"../../../../../../Users/dadas/Documents/Unreal Projects/IntoTheLabyrinth/Content/UI/Fonts/INKFREE_Font.uasset" 52
"../../../../../../Users/dadas/Documents/Unreal Projects/IntoTheLabyrinth/Content/UI/Textures/bg_Screen.uasset" 53
"../../../../../../Users/dadas/Documents/Unreal Projects/IntoTheLabyrinth/Content/UI/WB_infoItem.uasset" 54
"../../../../../../Users/dadas/Documents/Unreal Projects/IntoTheLabyrinth/Content/items/BP_item.uasset" 55
"../../../../../../Users/dadas/Documents/Unreal Projects/IntoTheLabyrinth/Content/Characters/Maria/textures/MariaBody.uasset" 56
"../../../../../../Users/dadas/Documents/Unreal Projects/IntoTheLabyrinth/Content/Characters/Maria/Materials/MariaBodyMaterial.uasset" 57
"../../../../../../Users/dadas/Documents/Unreal Projects/IntoTheLabyrinth/Content/Characters/Maria/textures/MariaHair.uasset" 58
"../../../../../../Users/dadas/Documents/Unreal Projects/IntoTheLabyrinth/Content/Characters/Maria/Materials/MariaHairMaterial.uasset" 59
"../../../../../../Users/dadas/Documents/Unreal Projects/IntoTheLabyrinth/Content/Characters/Maria/Mesh/Maria_PhysicsAsset.uasset" 60
"../../../../../../Users/dadas/Documents/Unreal Projects/IntoTheLabyrinth/Content/Characters/Maria/Mesh/Maria.uasset" 61
"../../../../../../Users/dadas/Documents/Unreal Projects/IntoTheLabyrinth/Content/sounds/Elven_Harmonies__no_percussion_.uasset" 62
"../../../../../../Users/dadas/Documents/Unreal Projects/IntoTheLabyrinth/Content/sounds/introTheme.uasset" 63
"../../../../../../Users/dadas/Documents/Unreal Projects/IntoTheLabyrinth/Content/sounds/ambient_cue.uasset" 64
"../../../../../../Users/dadas/Documents/Unreal Projects/IntoTheLabyrinth/Content/UI/Textures/backpack.uasset" 65
"../../../../../../Users/dadas/Documents/Unreal Projects/IntoTheLabyrinth/Content/UI/Textures/climb_icon.uasset" 66
"../../../../../../Users/dadas/Documents/Unreal Projects/IntoTheLabyrinth/Content/UI/Textures/grab.uasset" 67
"../../../../../../Users/dadas/Documents/Unreal Projects/IntoTheLabyrinth/Content/UI/Textures/jump_icon.uasset" 68
"../../../../../../Users/dadas/Documents/Unreal Projects/IntoTheLabyrinth/Content/UI/Textures/power_icon.uasset" 69
"../../../../../../Users/dadas/Documents/Unreal Projects/IntoTheLabyrinth/Content/UI/Textures/shield_icon.uasset" 70
"../../../../../../Users/dadas/Documents/Unreal Projects/IntoTheLabyrinth/Content/UI/Textures/velocit_icon.uasset" 71
"../../../../../../Users/dadas/Documents/Unreal Projects/IntoTheLabyrinth/Content/UI/WB_HUD.uasset" 72
"../../../../../../Users/dadas/Documents/Unreal Projects/IntoTheLabyrinth/Content/items/frameSlot.uasset" 73
"../../../../../../Users/dadas/Documents/Unreal Projects/IntoTheLabyrinth/Content/UI/WB_Item.uasset" 74
"../../../../../../Users/dadas/Documents/Unreal Projects/IntoTheLabyrinth/Content/sounds/321083__benjaminnelan__wooden-click.uasset" 75
"../../../../../../Users/dadas/Documents/Unreal Projects/IntoTheLabyrinth/Content/UI/WB_MenuPause.uasset" 76
"../../../../../../Users/dadas/Documents/Unreal Projects/IntoTheLabyrinth/Content/UI/WB_Inventory.uasset" 77
"../../../../../../Users/dadas/Documents/Unreal Projects/IntoTheLabyrinth/Content/UI/WB_pointer.uasset" 78
"../../../../../../Users/dadas/Documents/Unreal Projects/IntoTheLabyrinth/Content/Characters/Maria/BP/BP_Maria.uasset" 79
"../../../../../../Users/dadas/Documents/Unreal Projects/IntoTheLabyrinth/Content/Characters/Maria/BP/ThirdPersonGameMode.uasset" 80
"../../../../../../Users/dadas/Documents/Unreal Projects/IntoTheLabyrinth/Content/items/BP_resource.uasset" 81
"../../../../../../Users/dadas/Documents/Unreal Projects/IntoTheLabyrinth/Content/Mannequin/Character/Mesh/UE4_Mannequin_Skeleton.uasset" 82
"../../../../../../Users/dadas/Documents/Unreal Projects/IntoTheLabyrinth/Content/Mannequin/Animations/ThirdPersonJump_End.uasset" 83
"../../../../../../Users/dadas/Documents/Unreal Projects/IntoTheLabyrinth/Content/Mannequin/Animations/ThirdPerson_Jump.uasset" 84
"../../../../../../Users/dadas/Documents/Unreal Projects/IntoTheLabyrinth/Content/Mannequin/Animations/ThirdPersonJump_Loop.uasset" 85
"../../../../../../Users/dadas/Documents/Unreal Projects/IntoTheLabyrinth/Content/Mannequin/Animations/ThirdPersonJump_Start.uasset" 86
"../../../../../../Users/dadas/Documents/Unreal Projects/IntoTheLabyrinth/Content/Mannequin/Animations/ThirdPersonIdle.uasset" 87
"../../../../../../Users/dadas/Documents/Unreal Projects/IntoTheLabyrinth/Content/Mannequin/Animations/ThirdPersonRun.uasset" 88
"../../../../../../Users/dadas/Documents/Unreal Projects/IntoTheLabyrinth/Content/Mannequin/Animations/ThirdPersonWalk.uasset" 89
"../../../../../../Users/dadas/Documents/Unreal Projects/IntoTheLabyrinth/Content/Mannequin/Animations/ThirdPerson_IdleRun_2D.uasset" 90
"../../../../../../Users/dadas/Documents/Unreal Projects/IntoTheLabyrinth/Content/Mannequin/Animations/ThirdPerson_AnimBP.uasset" 91
"../../../Engine/Content/Functions/Engine_MaterialFunctions02/Utility/BlendAngleCorrectedNormals.uasset" 92
"../../../Engine/Content/Functions/MaterialLayerFunctions/MatLayerBlend_NormalBlend.uasset" 93
"../../../Engine/Content/Functions/MaterialLayerFunctions/MatLayerBlend_Simple.uasset" 94
"../../../../../../Users/dadas/Documents/Unreal Projects/IntoTheLabyrinth/Content/Mannequin/Character/Materials/MaterialLayers/T_ML_Rubber_Blue_01_D.uasset" 95
"../../../../../../Users/dadas/Documents/Unreal Projects/IntoTheLabyrinth/Content/Mannequin/Character/Materials/MaterialLayers/T_ML_Rubber_Blue_01_N.uasset" 96
"../../../../../../Users/dadas/Documents/Unreal Projects/IntoTheLabyrinth/Content/Mannequin/Character/Materials/MaterialLayers/ML_GlossyBlack_Latex_UE4.uasset" 97
"../../../../../../Users/dadas/Documents/Unreal Projects/IntoTheLabyrinth/Content/Mannequin/Character/Materials/MaterialLayers/ML_Plastic_Shiny_Beige.uasset" 98
"../../../../../../Users/dadas/Documents/Unreal Projects/IntoTheLabyrinth/Content/Mannequin/Character/Textures/UE4_LOGO_CARD.uasset" 99
"../../../../../../Users/dadas/Documents/Unreal Projects/IntoTheLabyrinth/Content/Mannequin/Character/Materials/MaterialLayers/ML_Plastic_Shiny_Beige_LOGO.uasset" 100
"../../../../../../Users/dadas/Documents/Unreal Projects/IntoTheLabyrinth/Content/Mannequin/Character/Materials/MaterialLayers/T_ML_Aluminum01.uasset" 101
"../../../../../../Users/dadas/Documents/Unreal Projects/IntoTheLabyrinth/Content/Mannequin/Character/Materials/MaterialLayers/T_ML_Aluminum01_N.uasset" 102
"../../../../../../Users/dadas/Documents/Unreal Projects/IntoTheLabyrinth/Content/Mannequin/Character/Materials/MaterialLayers/ML_SoftMetal_UE4.uasset" 103
"../../../../../../Users/dadas/Documents/Unreal Projects/IntoTheLabyrinth/Content/Mannequin/Character/Textures/UE4_Mannequin__normals.uasset" 104
"../../../../../../Users/dadas/Documents/Unreal Projects/IntoTheLabyrinth/Content/Mannequin/Character/Textures/UE4_Mannequin_MAT_MASKA.uasset" 105
"../../../../../../Users/dadas/Documents/Unreal Projects/IntoTheLabyrinth/Content/Mannequin/Character/Materials/M_UE4Man_Body.uasset" 106
"../../../../../../Users/dadas/Documents/Unreal Projects/IntoTheLabyrinth/Content/Mannequin/Character/Textures/UE4Man_Logo_N.uasset" 107
"../../../../../../Users/dadas/Documents/Unreal Projects/IntoTheLabyrinth/Content/Mannequin/Character/Materials/M_UE4Man_ChestLogo.uasset" 108
"../../../../../../Users/dadas/Documents/Unreal Projects/IntoTheLabyrinth/Content/Mannequin/Character/Mesh/SK_Mannequin_PhysicsAsset.uasset" 109
"../../../../../../Users/dadas/Documents/Unreal Projects/IntoTheLabyrinth/Content/Mannequin/Character/Mesh/SK_Mannequin.uasset" 110
"../../../../../../Users/dadas/Documents/Unreal Projects/IntoTheLabyrinth/Content/Textures/Landscape/T_Foliage_Var01_D.uasset" 111
"../../../../../../Users/dadas/Documents/Unreal Projects/IntoTheLabyrinth/Content/Textures/Landscape/T_Foliage_Var01_O.uasset" 112
"../../../../../../Users/dadas/Documents/Unreal Projects/IntoTheLabyrinth/Content/Textures/T_Pack_TreeLeafs_N.uasset" 113
"../../../../../../Users/dadas/Documents/Unreal Projects/IntoTheLabyrinth/Content/Materials/M_Simple_Cutout_Wind.uasset" 114
"../../../../../../Users/dadas/Documents/Unreal Projects/IntoTheLabyrinth/Content/Textures/Landscape/T_Foliage_Var03_D.uasset" 115
"../../../../../../Users/dadas/Documents/Unreal Projects/IntoTheLabyrinth/Content/Textures/Landscape/T_Foliage_Var03_O.uasset" 116
"../../../../../../Users/dadas/Documents/Unreal Projects/IntoTheLabyrinth/Content/materials/M_Inst_Landscape_Foliage_Var03.uasset" 117
"../../../../../../Users/dadas/Documents/Unreal Projects/IntoTheLabyrinth/Content/Textures/Effects/T_Water_N.uasset" 118
"../../../../../../Users/dadas/Documents/Unreal Projects/IntoTheLabyrinth/Content/materials/water_material.uasset" 119
"../../../../../../Users/dadas/Documents/Unreal Projects/IntoTheLabyrinth/Content/sounds/350872__cabled-mess__coin-c-01.uasset" 120
"../../../../../../Users/dadas/Documents/Unreal Projects/IntoTheLabyrinth/Content/sounds/350875__cabled-mess__coin-c-07.uasset" 121
"../../../../../../Users/dadas/Documents/Unreal Projects/IntoTheLabyrinth/Content/sounds/350876__cabled-mess__coin-c-09.uasset" 122
"../../../../../../Users/dadas/Documents/Unreal Projects/IntoTheLabyrinth/Content/sounds/384863__ali-6868__left-grass-grassy-footstep-4.uasset" 123
"../../../../../../Users/dadas/Documents/Unreal Projects/IntoTheLabyrinth/Content/sounds/384865__ali-6868__left-grass-grassy-footstep-6.uasset" 124
"../../../../../../Users/dadas/Documents/Unreal Projects/IntoTheLabyrinth/Content/sounds/384866__ali-6868__right-grass-grassy-footstep-3.uasset" 125
"../../../../../../Users/dadas/Documents/Unreal Projects/IntoTheLabyrinth/Content/sounds/384868__ali-6868__right-grass-grassy-footstep-5.uasset" 126
"../../../../../../Users/dadas/Documents/Unreal Projects/IntoTheLabyrinth/Content/sounds/384869__ali-6868__right-grass-grassy-footstep-4.uasset" 127
"../../../../../../Users/dadas/Documents/Unreal Projects/IntoTheLabyrinth/Content/sounds/menuTheme.uasset" 128
"../../../../../../Users/dadas/Documents/Unreal Projects/IntoTheLabyrinth/Content/sounds/mushroom_cue.uasset" 129
"../../../../../../Users/dadas/Documents/Unreal Projects/IntoTheLabyrinth/Content/sounds/Starter_Birds01.uasset" 130
"../../../../../../Users/dadas/Documents/Unreal Projects/IntoTheLabyrinth/Content/sounds/voice_female_a_effort_jump_action_05.uasset" 131
"../../../../../../Users/dadas/Documents/Unreal Projects/IntoTheLabyrinth/Content/sounds/voice_female_a_effort_jump_action_08.uasset" 132
"../../../../../../Users/dadas/Documents/Unreal Projects/IntoTheLabyrinth/Content/sounds/voice_female_a_effort_jump_action_09.uasset" 133
"../../../../../../Users/dadas/Documents/Unreal Projects/IntoTheLabyrinth/Content/UI/Textures/roots.uasset" 134
"../../../../../../Users/dadas/Documents/Unreal Projects/IntoTheLabyrinth/Content/UI/Textures/wood_icon.uasset" 135
"../../../Engine/Content/Animation/DefaultAnimCurveCompressionSettings.uasset" 136
"../../../Engine/Content/Functions/Engine_MaterialFunctions01/Opacity/CameraDepthFade.uasset" 137
"../../../Engine/Content/EngineMaterials/T_Default_Material_Grid_M.uasset" 138
"../../../Engine/Content/EngineMaterials/T_Default_Material_Grid_N.uasset" 139
"../../../Engine/Content/EngineMaterials/WorldGridMaterial.uasset" 140
"../../../Engine/Content/ArtTools/RenderToTexture/Meshes/S_1_Unit_Plane.uasset" 141
"../../../Engine/Content/EngineMaterials/DefaultMaterial.uasset" 142
"../../../Engine/Content/BasicShapes/Cone.uasset" 143
"../../../Engine/Content/BasicShapes/Cylinder.uasset" 144
"../../../Engine/Content/BasicShapes/Plane.uasset" 145
"../../../Engine/Content/BasicShapes/Sphere.uasset" 146
"../../../Engine/Content/EditorLandscapeResources/DataLayer.uasset" 147
"../../../Engine/Content/EditorMaterials/GizmoMaterial.uasset" 148
"../../../Engine/Content/EditorMaterials/MAT_Groups_Toggle.uasset" 149
"../../../Engine/Content/EditorMaterials/MAT_Groups_Visibility.uasset" 150
"../../../Engine/Content/EditorMaterials/PreviewShadowIndicator.uasset" 151
"../../../Engine/Content/EditorMaterials/PreviewShadowIndicatorMaterial.uasset" 152
"../../../Engine/Content/EditorMaterials/MatineeGroups/MAT_ColorTrack.uasset" 153
"../../../Engine/Content/EditorMaterials/MatineeGroups/MAT_Groups_Anim.uasset" 154
"../../../Engine/Content/EditorMaterials/MatineeGroups/MAT_Groups_AudioMaster.uasset" 155
"../../../Engine/Content/EditorMaterials/MatineeGroups/MAT_Groups_Director.uasset" 156
"../../../Engine/Content/EditorMaterials/MatineeGroups/MAT_Groups_Event.uasset" 157
"../../../Engine/Content/EditorMaterials/MatineeGroups/MAT_Groups_Fade.uasset" 158
"../../../Engine/Content/EditorMaterials/MatineeGroups/MAT_Groups_Float.uasset" 159
"../../../Engine/Content/EditorMaterials/MatineeGroups/MAT_Groups_Move.uasset" 160
"../../../Engine/Content/EditorMaterials/MatineeGroups/MAT_Groups_Slomo.uasset" 161
"../../../Engine/Content/EditorMaterials/MatineeGroups/MAT_Groups_Sound.uasset" 162
"../../../Engine/Content/EditorMaterials/MatineeGroups/MAT_Groups_Vector.uasset" 163
"../../../Engine/Content/EditorMaterials/ParticleSystems/PSysThumbnail_NoImage.uasset" 164
"../../../Engine/Content/EditorMaterials/ParticleSystems/PSysThumbnail_OOD.uasset" 165
"../../../Engine/Content/EditorMaterials/Camera/CineMat.uasset" 166
"../../../Engine/Content/EditorMaterials/Camera/MI_CineMat_Rig.uasset" 167
"../../../Engine/Content/EditorMeshes/Camera/SM_CraneRig_Arm.uasset" 168
"../../../Engine/Content/EditorMeshes/Camera/SM_CraneRig_Base.uasset" 169
"../../../Engine/Content/EditorMeshes/Camera/SM_CraneRig_Body.uasset" 170
"../../../Engine/Content/EditorMeshes/Camera/SM_CraneRig_Mount.uasset" 171
"../../../Engine/Content/EditorMeshes/Camera/SM_RailRig_Mount.uasset" 172
"../../../Engine/Content/EditorMeshes/Camera/SM_RailRig_Track.uasset" 173
"../../../Engine/Content/EditorResources/BSPVertex.uasset" 174
"../../../Engine/Content/EditorResources/EmptyActor.uasset" 175
"../../../Engine/Content/EditorResources/S_Actor.uasset" 176
"../../../Engine/Content/EditorResources/S_Note.uasset" 177
"../../../Engine/Content/EditorResources/S_Solver.uasset" 178
"../../../Engine/Content/EditorResources/S_Trigger.uasset" 179
"../../../Engine/Content/EditorResources/AudioIcons/S_AudioComponent.uasset" 180
"../../../Engine/Content/EditorResources/LightIcons/S_LightError.uasset" 181
"../../../Engine/Content/EditorResources/SequenceRecorder/Countdown.uasset" 182
"../../../Engine/Content/EditorResources/SequenceRecorder/RecordingIndicator.uasset" 183
"../../../Engine/Content/EditorSounds/Notifications/CompileFailed.uasset" 184
"../../../Engine/Content/EditorSounds/Notifications/CompileFailed_Cue.uasset" 185
"../../../Engine/Content/EditorSounds/Notifications/CompileSuccess.uasset" 186
"../../../Engine/Content/EditorSounds/Notifications/CompileStart_Cue.uasset" 187
"../../../Engine/Content/EditorSounds/Notifications/CompileSuccess_Cue.uasset" 188
"../../../Engine/Content/EngineDamageTypes/DmgTypeBP_Environmental.uasset" 189
"../../../Engine/Content/EngineDebugMaterials/HeatmapGradient.uasset" 190
"../../../Engine/Content/EngineDebugMaterials/BoneWeightMaterial.uasset" 191
"../../../Engine/Content/EngineDebugMaterials/ClothMaterial.uasset" 192
"../../../Engine/Content/EngineDebugMaterials/ClothMaterial_WF.uasset" 193
"../../../Engine/Content/EngineDebugMaterials/DebugEditorMaterial.uasset" 194
"../../../Engine/Content/EngineDebugMaterials/DebugMeshMaterial.uasset" 195
"../../../Engine/Content/EngineDebugMaterials/GeomMaterial.uasset" 196
"../../../Engine/Content/EngineDebugMaterials/M_SimpleTranslucent.uasset" 197
"../../../Engine/Content/Functions/Engine_MaterialFunctions02/Utility/CameraDirectionVector.uasset" 198
"../../../Engine/Content/EngineDebugMaterials/VolumeToRender.uasset" 199
"../../../Engine/Content/EngineDebugMaterials/M_VolumeRenderSphereTracePP.uasset" 200
"../../../Engine/Content/EngineDebugMaterials/WireframeMaterial.uasset" 201
"../../../Engine/Content/EngineFonts/Faces/RobotoBold.uasset" 202
"../../../Engine/Content/EngineFonts/Faces/RobotoBoldItalic.uasset" 203
"../../../Engine/Content/EngineFonts/Faces/RobotoItalic.uasset" 204
"../../../Engine/Content/EngineFonts/Faces/RobotoLight.uasset" 205
"../../../Engine/Content/EngineFonts/Faces/RobotoRegular.uasset" 206
"../../../Engine/Content/EngineFonts/Roboto.uasset" 207
"../../../Engine/Content/EngineFonts/Faces/RobotoTiny.uasset" 208
"../../../Engine/Content/EngineFonts/RobotoTiny.uasset" 209
"../../../Engine/Content/EngineMaterials/BaseFlattenDiffuseMap.uasset" 210
"../../../Engine/Content/EngineMaterials/BaseFlattenEmissiveMap.uasset" 211
"../../../Engine/Content/EngineMaterials/BaseFlattenGrayscaleMap.uasset" 212
"../../../Engine/Content/EngineMaterials/BaseFlattenNormalMap.uasset" 213
"../../../Engine/Content/EngineMaterials/BaseFlattenMaterial.uasset" 214
"../../../Engine/Content/EngineMaterials/BlueNoise.uasset" 215
"../../../Engine/Content/EngineMaterials/DefaultBloomKernel.uasset" 216
"../../../Engine/Content/EngineMaterials/DefaultBokeh.uasset" 217
"../../../Engine/Content/EngineMaterials/DefaultDiffuse.uasset" 218
"../../../Engine/Content/EngineMaterials/DefaultDeferredDecalMaterial.uasset" 219
"../../../Engine/Content/EngineMaterials/DefaultLightFunctionMaterial.uasset" 220
"../../../Engine/Content/Functions/Engine_MaterialFunctions02/Utility/BreakOutFloat2Components.uasset" 221
"../../../Engine/Content/EngineMaterials/DefaultPostProcessMaterial.uasset" 222
"../../../Engine/Content/EngineFonts/RobotoDistanceField.uasset" 223
"../../../Engine/Content/EngineMaterials/DefaultTextMaterialOpaque.uasset" 224
"../../../Engine/Content/EngineMaterials/DefaultVirtualTextureMaterial.uasset" 225
"../../../Engine/Content/EngineMaterials/DefaultWhiteGrid.uasset" 226
"../../../Engine/Content/EngineMaterials/EditorBrushMaterial.uasset" 227
"../../../Engine/Content/EngineMaterials/DefaultWhiteGrid_Low.uasset" 228
"../../../Engine/Content/EngineMaterials/EmissiveMeshMaterial.uasset" 229
"../../../Engine/Content/EngineMaterials/Good64x64TilingNoiseHighFreq.uasset" 230
"../../../Engine/Content/EngineMaterials/MiniFont.uasset" 231
"../../../Engine/Content/EngineMaterials/InvalidLightmapSettings.uasset" 232
"../../../Engine/Content/EngineMaterials/M_InvalidLightmapSettings.uasset" 233
"../../../Engine/Content/Functions/Engine_MaterialFunctions02/WorldPositionOffset/CameraOffset.uasset" 234
"../../../Engine/Content/EngineMaterials/PhAT_JointLimitMaterial.uasset" 235
"../../../Engine/Content/EngineMaterials/PreintegratedSkinBRDF.uasset" 236
"../../../Engine/Content/EngineMaterials/RemoveSurfaceMaterial.uasset" 237
"../../../Engine/Content/EngineMaterials/WeightMapPlaceholderTexture.uasset" 238
"../../../Engine/Content/EngineResources/WhiteSquareTexture.uasset" 239
"../../../Engine/Content/EngineMaterials/Widget3DPassThrough.uasset" 240
"../../../Engine/Content/EngineMaterials/Widget3DPassThrough_Masked.uasset" 241
"../../../Engine/Content/EngineMaterials/Widget3DPassThrough_Opaque.uasset" 242
"../../../Engine/Content/EngineMaterials/Widget3DPassThrough_Masked_OneSided.uasset" 243
"../../../Engine/Content/EngineMaterials/Widget3DPassThrough_Opaque_OneSided.uasset" 244
"../../../Engine/Content/EngineMaterials/Widget3DPassThrough_Translucent.uasset" 245
"../../../Engine/Content/EngineMaterials/Widget3DPassThrough_Translucent_OneSided.uasset" 246
"../../../Engine/Content/EngineMeshes/Cylinder.uasset" 247
"../../../Engine/Content/EngineMeshes/Sphere.uasset" 248
"../../../Engine/Content/EngineResources/Black.uasset" 249
"../../../Engine/Content/EngineResources/DefaultTexture.uasset" 250
"../../../Engine/Content/EngineResources/DefaultTextureCube.uasset" 251
"../../../Engine/Content/EngineResources/DefaultVolumeTexture2D.uasset" 252
"../../../Engine/Content/EngineResources/DefaultVolumeTexture.uasset" 253
"../../../Engine/Content/EngineResources/GradientTexture0.uasset" 254
"../../../Engine/Content/EngineSounds/Master.uasset" 255
"../../../Engine/Content/Functions/Engine_MaterialFunctions01/Shading/ConvertFromDiffSpec.uasset" 256
"../../../Engine/Content/Functions/Engine_MaterialFunctions01/Shading/PowerToRoughness.uasset" 257
"../../../Engine/Content/Maps/Templates/Thumbnails/Default.uasset" 258
"../../../Engine/Content/Maps/Templates/Thumbnails/VR-Basic.uasset" 259
"../../../Engine/Content/MobileResources/T_MobileControls_texture.uasset" 260
"../../../Engine/Content/MobileResources/T_MobileMenu2.uasset" 261
"../../../Engine/Content/MobileResources/HUD/AnalogHat.uasset" 262
"../../../Engine/Content/MobileResources/HUD/VirtualJoystick_Background.uasset" 263
"../../../Engine/Content/MobileResources/HUD/VirtualJoystick_Thumb.uasset" 264
"../../../Engine/Content/MobileResources/HUD/DefaultVirtualJoysticks.uasset" 265
"../../../Engine/Content/MobileResources/HUD/LeftVirtualJoystickOnly.uasset" 266
"../../../Engine/Content/MobileResources/HUD/MobileHUDButton1_off.uasset" 267
"../../../Engine/Content/MobileResources/HUD/MobileHUDButton1_on.uasset" 268
"../../../Engine/Content/MobileResources/HUD/MobileHUDButton2_off.uasset" 269
"../../../Engine/Content/MobileResources/HUD/MobileHUDButton2_on.uasset" 270
"../../../Engine/Content/MobileResources/HUD/MobileHUDButton3.uasset" 271
"../../../Engine/Content/MobileResources/HUD/MobileHUDButtonFire.uasset" 272
"../../../Engine/Content/MobileResources/HUD/MobileHUDDirectionPad.uasset" 273
"../../../Engine/Content/MobileResources/HUD/MobileHUDDirectionPad2.uasset" 274
"../../../Engine/Content/MobileResources/HUD/MobileHUDDirectionPad3.uasset" 275
"../../../Engine/Content/MobileResources/HUD/MobileHUDDirectionStick.uasset" 276
"../../../Engine/Content/MobileResources/HUD/T_Castle_ThumbstickInner.uasset" 277
"../../../Engine/Content/MobileResources/HUD/T_Castle_ThumbstickOutter.uasset" 278
"../../../Engine/Content/Tutorial/ContentIntroCurve.uasset" 279
"../../../Engine/Content/Tutorial/Basics/LevelEditorAttract.uasset" 280
"../../../Engine/Content/VREditor/LaserPointer/VR_LaserPower_01.uasset" 281
"../../../Engine/Content/VREditor/TransformGizmo/TransformGizmoMaterial.uasset" 282
"../../../Engine/Content/VREditor/TransformGizmo/TranslucentTransformGizmoMaterial.uasset" 283
"../../../Engine/Content/VREditor/TransformGizmo/BoundingBoxCorner.uasset" 284
"../../../Engine/Content/VREditor/TransformGizmo/BoundingBoxEdge.uasset" 285
"../../../Engine/Content/VREditor/TransformGizmo/PlaneTranslationHandle.uasset" 286
"../../../Engine/Content/VREditor/TransformGizmo/Main.uasset" 287
"../../../Engine/Content/VREditor/TransformGizmo/Xray.uasset" 288
"../../../Engine/Content/VREditor/TransformGizmo/SM_Sequencer_Key.uasset" 289
"../../../Engine/Content/VREditor/TransformGizmo/SM_Sequencer_Node.uasset" 290
"../../Plugins/2D/Paper2D/Content/PlaceholderTextures/DummySpriteTexture.uasset" 291
"../../Plugins/2D/Paper2D/Content/DummySprite.uasset" 292
"../../Plugins/2D/Paper2D/Content/DefaultPaperTerrainMaterial.uasset" 293
"../../Plugins/2D/Paper2D/Content/DummySpriteTexture.uasset" 294
"../../Plugins/2D/Paper2D/Content/DefaultSpriteMaterial.uasset" 295
"../../Plugins/2D/Paper2D/Content/MaskedUnlitSpriteMaterial.uasset" 296
"../../Plugins/2D/Paper2D/Content/OpaqueUnlitSpriteMaterial.uasset" 297
"../../Plugins/Runtime/Oculus/OculusVR/Content/OculusMR_RenderTarget.uasset" 298
"../../../Engine/Content/Functions/Engine_MaterialFunctions02/Utility/BreakOutFloat4Components.uasset" 299
"../../../Engine/Content/Functions/Engine_MaterialFunctions02/Utility/MakeFloat2.uasset" 300
"../../../Engine/Content/Functions/Engine_MaterialFunctions02/Utility/MakeFloat3.uasset" 301
"../../Plugins/Runtime/Oculus/OculusVR/Content/Materials/OculusMR_ChromaKey.uasset" 302
"../../Plugins/Runtime/Oculus/OculusVR/Content/Materials/OculusMR_ChromaKey_Lit.uasset" 303
"../../Plugins/Runtime/Oculus/OculusVR/Content/Materials/OculusMR_OpaqueColoredMaterial.uasset" 304
"../../Plugins/Runtime/Oculus/OculusVR/Content/Materials/OculusMR_WhiteMaterial.uasset" 305
"../../../../../../Users/dadas/Documents/Unreal Projects/IntoTheLabyrinth/Content/UI/WB_MainMenu.uasset" 306
"../../../../../../Users/dadas/Documents/Unreal Projects/IntoTheLabyrinth/Content/Maps/Main_level.umap" 307
"../../../../../../Users/dadas/Documents/Unreal Projects/IntoTheLabyrinth/Content/Textures/T_Pack_07_D.uasset" 308
"../../../../../../Users/dadas/Documents/Unreal Projects/IntoTheLabyrinth/Content/Textures/T_Pack_07_N.uasset" 309
"../../../../../../Users/dadas/Documents/Unreal Projects/IntoTheLabyrinth/Content/Textures/T_Pack_07_RM.uasset" 310
"../../../../../../Users/dadas/Documents/Unreal Projects/IntoTheLabyrinth/Content/materials/M_Inst_Pack_07.uasset" 311
"../../../../../../Users/dadas/Documents/Unreal Projects/IntoTheLabyrinth/Content/meshes/SM_Bridge_Var01.uasset" 312
"../../../../../../Users/dadas/Documents/Unreal Projects/IntoTheLabyrinth/Content/sounds/doorOpens.uasset" 313
"../../../../../../Users/dadas/Documents/Unreal Projects/IntoTheLabyrinth/Content/Blueprints/BP_LevelDoor.uasset" 314
"../../../Engine/Content/EngineSky/C_Sky_Cloud_Color.uasset" 315
"../../../Engine/Content/EngineSky/C_Sky_Horizon_Color.uasset" 316
"../../../Engine/Content/EngineSky/C_Sky_Zenith_Color.uasset" 317
"../../../Engine/Content/EngineSky/T_Sky_Blue.uasset" 318
"../../../Engine/Content/EngineSky/T_Sky_Clouds_M.uasset" 319
"../../../Engine/Content/EngineSky/T_Sky_Stars.uasset" 320
"../../../Engine/Content/EngineSky/M_Sky_Panning_Clouds2.uasset" 321
"../../../Engine/Content/EngineSky/SM_SkySphere.uasset" 322
"../../../Engine/Content/EngineSky/BP_Sky_Sphere.uasset" 323
"../../../../../../Users/dadas/Documents/Unreal Projects/IntoTheLabyrinth/Content/Textures/T_Pack_11_Leafs_DO.uasset" 324
"../../../../../../Users/dadas/Documents/Unreal Projects/IntoTheLabyrinth/Content/Materials/M_Pfx_Additive.uasset" 325
"../../../../../../Users/dadas/Documents/Unreal Projects/IntoTheLabyrinth/Content/Textures/Effects/T_Pfx_FlamesAtlas.uasset" 326
"../../../../../../Users/dadas/Documents/Unreal Projects/IntoTheLabyrinth/Content/Materials/M_Inst_Pfx_Flames.uasset" 327
"../../../../../../Users/dadas/Documents/Unreal Projects/IntoTheLabyrinth/Content/Textures/Effects/T_Pfx_Spark.uasset" 328
"../../../../../../Users/dadas/Documents/Unreal Projects/IntoTheLabyrinth/Content/Materials/M_Inst_Pfx_Sparks.uasset" 329
"../../../../../../Users/dadas/Documents/Unreal Projects/IntoTheLabyrinth/Content/Effects/Pfx_FireCamp.uasset" 330
"../../../../../../Users/dadas/Documents/Unreal Projects/IntoTheLabyrinth/Content/Effects/Pfx_LightInsectsCampFire.uasset" 331
"../../../../../../Users/dadas/Documents/Unreal Projects/IntoTheLabyrinth/Content/Materials/M_Pfx_TranslucentLit.uasset" 332
"../../../../../../Users/dadas/Documents/Unreal Projects/IntoTheLabyrinth/Content/Textures/Effects/T_Pfx_Smoke.uasset" 333
"../../../../../../Users/dadas/Documents/Unreal Projects/IntoTheLabyrinth/Content/Materials/M_Inst_Pfx_SmokeChimney.uasset" 334
"../../../../../../Users/dadas/Documents/Unreal Projects/IntoTheLabyrinth/Content/Effects/Pfx_SmokeFireCamp.uasset" 335
"../../../../../../Users/dadas/Documents/Unreal Projects/IntoTheLabyrinth/Content/meshes/SM_Fish.uasset" 336
"../../../../../../Users/dadas/Documents/Unreal Projects/IntoTheLabyrinth/Content/Textures/T_Pack_06_D.uasset" 337
"../../../../../../Users/dadas/Documents/Unreal Projects/IntoTheLabyrinth/Content/Textures/T_Pack_06_N.uasset" 338
"../../../../../../Users/dadas/Documents/Unreal Projects/IntoTheLabyrinth/Content/Textures/T_Pack_06_RM.uasset" 339
"../../../../../../Users/dadas/Documents/Unreal Projects/IntoTheLabyrinth/Content/materials/M_Inst_Pack_06.uasset" 340
"../../../../../../Users/dadas/Documents/Unreal Projects/IntoTheLabyrinth/Content/meshes/SM_Log_Var01.uasset" 341
"../../../../../../Users/dadas/Documents/Unreal Projects/IntoTheLabyrinth/Content/meshes/SM_Log_Var02.uasset" 342
"../../../../../../Users/dadas/Documents/Unreal Projects/IntoTheLabyrinth/Content/meshes/SM_Log_Var03.uasset" 343
"../../../../../../Users/dadas/Documents/Unreal Projects/IntoTheLabyrinth/Content/meshes/SM_Spike.uasset" 344
"../../../../../../Users/dadas/Documents/Unreal Projects/IntoTheLabyrinth/Content/Textures/T_Pack_08_D.uasset" 345
"../../../../../../Users/dadas/Documents/Unreal Projects/IntoTheLabyrinth/Content/Textures/T_Pack_08_N.uasset" 346
"../../../../../../Users/dadas/Documents/Unreal Projects/IntoTheLabyrinth/Content/Textures/T_Pack_08_RM.uasset" 347
"../../../../../../Users/dadas/Documents/Unreal Projects/IntoTheLabyrinth/Content/materials/M_Inst_Pack_08.uasset" 348
"../../../../../../Users/dadas/Documents/Unreal Projects/IntoTheLabyrinth/Content/meshes/SM_Stone_Small_Var01.uasset" 349
"../../../../../../Users/dadas/Documents/Unreal Projects/IntoTheLabyrinth/Content/meshes/SM_Stone_Small_Var02.uasset" 350
"../../../../../../Users/dadas/Documents/Unreal Projects/IntoTheLabyrinth/Content/meshes/SM_Stone_Small_Var03.uasset" 351
"../../../../../../Users/dadas/Documents/Unreal Projects/IntoTheLabyrinth/Content/meshes/SM_Stone_Small_Var04.uasset" 352
"../../../../../../Users/dadas/Documents/Unreal Projects/IntoTheLabyrinth/Content/meshes/SM_Stone_Small_Var05.uasset" 353
"../../../../../../Users/dadas/Documents/Unreal Projects/IntoTheLabyrinth/Content/Blueprints/BP_CampFire.uasset" 354
"../../../../../../Users/dadas/Documents/Unreal Projects/IntoTheLabyrinth/Content/Blueprints/Misc/BP_Interface_OnDayOnNight.uasset" 355
"../../../../../../Users/dadas/Documents/Unreal Projects/IntoTheLabyrinth/Content/Effects/Pfx_FireTorch.uasset" 356
"../../../../../../Users/dadas/Documents/Unreal Projects/IntoTheLabyrinth/Content/Effects/Pfx_SmokeChimney.uasset" 357
"../../../../../../Users/dadas/Documents/Unreal Projects/IntoTheLabyrinth/Content/Textures/T_Pack_04_D.uasset" 358
"../../../../../../Users/dadas/Documents/Unreal Projects/IntoTheLabyrinth/Content/Textures/T_Pack_04_E.uasset" 359
"../../../../../../Users/dadas/Documents/Unreal Projects/IntoTheLabyrinth/Content/Textures/T_Pack_04_N.uasset" 360
"../../../../../../Users/dadas/Documents/Unreal Projects/IntoTheLabyrinth/Content/Textures/T_Pack_04_RM.uasset" 361
"../../../../../../Users/dadas/Documents/Unreal Projects/IntoTheLabyrinth/Content/materials/M_Inst_Pack_04.uasset" 362
"../../../../../../Users/dadas/Documents/Unreal Projects/IntoTheLabyrinth/Content/meshes/SM_House_Var01.uasset" 363
"../../../../../../Users/dadas/Documents/Unreal Projects/IntoTheLabyrinth/Content/Textures/T_Pack_05_D.uasset" 364
"../../../../../../Users/dadas/Documents/Unreal Projects/IntoTheLabyrinth/Content/Textures/T_Pack_05_E.uasset" 365
"../../../../../../Users/dadas/Documents/Unreal Projects/IntoTheLabyrinth/Content/Textures/T_Pack_05_N.uasset" 366
"../../../../../../Users/dadas/Documents/Unreal Projects/IntoTheLabyrinth/Content/Textures/T_Pack_05_RM.uasset" 367
"../../../../../../Users/dadas/Documents/Unreal Projects/IntoTheLabyrinth/Content/materials/M_Inst_Pack_05.uasset" 368
"../../../../../../Users/dadas/Documents/Unreal Projects/IntoTheLabyrinth/Content/meshes/SM_House_Var01_Extra01.uasset" 369
"../../../../../../Users/dadas/Documents/Unreal Projects/IntoTheLabyrinth/Content/meshes/SM_House_Var01_Extra02.uasset" 370
"../../../../../../Users/dadas/Documents/Unreal Projects/IntoTheLabyrinth/Content/meshes/SM_House_Var01_Extra03.uasset" 371
"../../../../../../Users/dadas/Documents/Unreal Projects/IntoTheLabyrinth/Content/meshes/SM_House_Var01_Extra04.uasset" 372
"../../../../../../Users/dadas/Documents/Unreal Projects/IntoTheLabyrinth/Content/meshes/SM_House_Var01_Extra05.uasset" 373
"../../../../../../Users/dadas/Documents/Unreal Projects/IntoTheLabyrinth/Content/meshes/SM_House_Var01_Extra06.uasset" 374
"../../../../../../Users/dadas/Documents/Unreal Projects/IntoTheLabyrinth/Content/meshes/SM_House_Var01_Extra07.uasset" 375
"../../../../../../Users/dadas/Documents/Unreal Projects/IntoTheLabyrinth/Content/meshes/SM_House_Var01_Extra08.uasset" 376
"../../../../../../Users/dadas/Documents/Unreal Projects/IntoTheLabyrinth/Content/meshes/SM_Torch_Var02.uasset" 377
"../../../../../../Users/dadas/Documents/Unreal Projects/IntoTheLabyrinth/Content/Blueprints/BP_House_Var01_OnDayOnNight.uasset" 378
"../../../../../../Users/dadas/Documents/Unreal Projects/IntoTheLabyrinth/Content/Effects/Pfx_LightInsects.uasset" 379
"../../../../../../Users/dadas/Documents/Unreal Projects/IntoTheLabyrinth/Content/Textures/T_Pack_03_D.uasset" 380
"../../../../../../Users/dadas/Documents/Unreal Projects/IntoTheLabyrinth/Content/Textures/T_Pack_03_N.uasset" 381
"../../../../../../Users/dadas/Documents/Unreal Projects/IntoTheLabyrinth/Content/Textures/T_Pack_03_RM.uasset" 382
"../../../../../../Users/dadas/Documents/Unreal Projects/IntoTheLabyrinth/Content/materials/M_Inst_Pack_03.uasset" 383
"../../../../../../Users/dadas/Documents/Unreal Projects/IntoTheLabyrinth/Content/meshes/SM_StreetLight.uasset" 384
"../../../../../../Users/dadas/Documents/Unreal Projects/IntoTheLabyrinth/Content/Blueprints/BP_Street_Lamp.uasset" 385
"../../../../../../Users/dadas/Documents/Unreal Projects/IntoTheLabyrinth/Content/Materials/M_Pfx_Diffuse_TwoSidedFoliage.uasset" 386
"../../../../../../Users/dadas/Documents/Unreal Projects/IntoTheLabyrinth/Content/materials/M_Inst_Pfx_Leafs.uasset" 387
"../../../../../../Users/dadas/Documents/Unreal Projects/IntoTheLabyrinth/Content/Effects/Pfx_FallingLeafs.uasset" 388
"../../../../../../Users/dadas/Documents/Unreal Projects/IntoTheLabyrinth/Content/Textures/T_Pack_TreeLeafs_D.uasset" 389
"../../../../../../Users/dadas/Documents/Unreal Projects/IntoTheLabyrinth/Content/Textures/T_Pack_TreeLeafs_Mask.uasset" 390
"../../../../../../Users/dadas/Documents/Unreal Projects/IntoTheLabyrinth/Content/Textures/T_Pack_TreeLeafs_O.uasset" 391
"../../../../../../Users/dadas/Documents/Unreal Projects/IntoTheLabyrinth/Content/Textures/T_Pack_TreeLeafs_RM.uasset" 392
"../../../../../../Users/dadas/Documents/Unreal Projects/IntoTheLabyrinth/Content/Materials/M_Uber_Cutout_Wind.uasset" 393
"../../../../../../Users/dadas/Documents/Unreal Projects/IntoTheLabyrinth/Content/materials/M_Inst_TreeLeafs.uasset" 394
"../../../../../../Users/dadas/Documents/Unreal Projects/IntoTheLabyrinth/Content/Textures/T_Pack_TreeTrunks_D.uasset" 395
"../../../../../../Users/dadas/Documents/Unreal Projects/IntoTheLabyrinth/Content/Textures/T_Pack_TreeTrunks_N.uasset" 396
"../../../../../../Users/dadas/Documents/Unreal Projects/IntoTheLabyrinth/Content/Textures/T_Pack_TreeTrunks_RM.uasset" 397
"../../../../../../Users/dadas/Documents/Unreal Projects/IntoTheLabyrinth/Content/materials/M_Inst_TreeTrunks.uasset" 398
"../../../../../../Users/dadas/Documents/Unreal Projects/IntoTheLabyrinth/Content/meshes/SM_Tree_Var01.uasset" 399
"../../../../../../Users/dadas/Documents/Unreal Projects/IntoTheLabyrinth/Content/meshes/SM_Tree_Var02.uasset" 400
"../../../../../../Users/dadas/Documents/Unreal Projects/IntoTheLabyrinth/Content/meshes/SM_Tree_Var03.uasset" 401
"../../../../../../Users/dadas/Documents/Unreal Projects/IntoTheLabyrinth/Content/meshes/SM_Tree_Var04.uasset" 402
"../../../../../../Users/dadas/Documents/Unreal Projects/IntoTheLabyrinth/Content/meshes/SM_Tree_Var05.uasset" 403
"../../../../../../Users/dadas/Documents/Unreal Projects/IntoTheLabyrinth/Content/Blueprints/BP_Tree.uasset" 404
"../../../../../../Users/dadas/Documents/Unreal Projects/IntoTheLabyrinth/Content/Textures/T_Pack_06_O.uasset" 405
"../../../../../../Users/dadas/Documents/Unreal Projects/IntoTheLabyrinth/Content/Materials/M_Uber_Cutout.uasset" 406
"../../../../../../Users/dadas/Documents/Unreal Projects/IntoTheLabyrinth/Content/materials/M_Inst_Pack_06_Cutout.uasset" 407
"../../../../../../Users/dadas/Documents/Unreal Projects/IntoTheLabyrinth/Content/meshes/SM_Flower_Var01.uasset" 408
"../../../../../../Users/dadas/Documents/Unreal Projects/IntoTheLabyrinth/Content/meshes/SM_Flower_Var02.uasset" 409
"../../../../../../Users/dadas/Documents/Unreal Projects/IntoTheLabyrinth/Content/meshes/SM_Flower_Var03.uasset" 410
"../../../../../../Users/dadas/Documents/Unreal Projects/IntoTheLabyrinth/Content/meshes/SM_Flower_Var04.uasset" 411
"../../../../../../Users/dadas/Documents/Unreal Projects/IntoTheLabyrinth/Content/meshes/SM_Flower_Var05.uasset" 412
"../../../../../../Users/dadas/Documents/Unreal Projects/IntoTheLabyrinth/Content/meshes/SM_Flower_Var06.uasset" 413
"../../../../../../Users/dadas/Documents/Unreal Projects/IntoTheLabyrinth/Content/materials/M_Inst_Landscape_Foliage_Var01.uasset" 414
"../../../../../../Users/dadas/Documents/Unreal Projects/IntoTheLabyrinth/Content/meshes/SM_GrassPatch_Var01.uasset" 415
"../../../../../../Users/dadas/Documents/Unreal Projects/IntoTheLabyrinth/Content/Textures/Landscape/T_Foliage_Var02_D.uasset" 416
"../../../../../../Users/dadas/Documents/Unreal Projects/IntoTheLabyrinth/Content/Textures/Landscape/T_Foliage_Var02_O.uasset" 417
"../../../../../../Users/dadas/Documents/Unreal Projects/IntoTheLabyrinth/Content/materials/M_Inst_Landscape_Foliage_Var02.uasset" 418
"../../../../../../Users/dadas/Documents/Unreal Projects/IntoTheLabyrinth/Content/meshes/SM_GrassPatch_Var02.uasset" 419
"../../../../../../Users/dadas/Documents/Unreal Projects/IntoTheLabyrinth/Content/meshes/SM_Well.uasset" 420
"../../../../../../Users/dadas/Documents/Unreal Projects/IntoTheLabyrinth/Content/meshes/SM_Well_Extra01.uasset" 421
"../../../../../../Users/dadas/Documents/Unreal Projects/IntoTheLabyrinth/Content/meshes/SM_Well_Extra02.uasset" 422
"../../../../../../Users/dadas/Documents/Unreal Projects/IntoTheLabyrinth/Content/meshes/SM_Well_Extra03.uasset" 423
"../../../../../../Users/dadas/Documents/Unreal Projects/IntoTheLabyrinth/Content/meshes/SM_Well_Extra04.uasset" 424
"../../../../../../Users/dadas/Documents/Unreal Projects/IntoTheLabyrinth/Content/Blueprints/BP_Well.uasset" 425
"../../../../../../Users/dadas/Documents/Unreal Projects/IntoTheLabyrinth/Content/Maps/test_level_BuiltData.uasset" 426
"../../../../../../Users/dadas/Documents/Unreal Projects/IntoTheLabyrinth/Content/materials/footway.uasset" 427
"../../../Engine/Content/Functions/Engine_MaterialFunctions03/ComplexMotion/Motion_4WayChaos.uasset" 428
"../../../Engine/Content/Engine_MI_Shaders/T_Base_Tile_Normal.uasset" 429
"../../../Engine/Content/Functions/Engine_MaterialFunctions03/ComplexMotion/Motion_4WayChaos_Normal.uasset" 430
"../../../../../../Users/dadas/Documents/Unreal Projects/IntoTheLabyrinth/Content/Textures/water_col.uasset" 431
"../../../../../../Users/dadas/Documents/Unreal Projects/IntoTheLabyrinth/Content/Textures/water_nml.uasset" 432
"../../../../../../Users/dadas/Documents/Unreal Projects/IntoTheLabyrinth/Content/materials/ToonWater.uasset" 433
"../../../Engine/Content/BasicShapes/Cube.uasset" 434
"../../../Engine/Content/EngineMaterials/DefaultPhysicalMaterial.uasset" 435
"../../../../../../Users/dadas/Documents/Unreal Projects/IntoTheLabyrinth/Content/materials/M_Inst_Pack_01.uasset" 436
"../../../../../../Users/dadas/Documents/Unreal Projects/IntoTheLabyrinth/Content/meshes/SM_Cart_Var01.uasset" 437
"../../../../../../Users/dadas/Documents/Unreal Projects/IntoTheLabyrinth/Content/meshes/SM_Crate_Closed.uasset" 438
"../../../../../../Users/dadas/Documents/Unreal Projects/IntoTheLabyrinth/Content/materials/M_Inst_Landscape_Foliage_Var04.uasset" 439
"../../../../../../Users/dadas/Documents/Unreal Projects/IntoTheLabyrinth/Content/meshes/SM_GrassPatch_Var03.uasset" 440
"../../../../../../Users/dadas/Documents/Unreal Projects/IntoTheLabyrinth/Content/Textures/T_Pack_09_D.uasset" 441
"../../../../../../Users/dadas/Documents/Unreal Projects/IntoTheLabyrinth/Content/Textures/T_Pack_09_E.uasset" 442
"../../../../../../Users/dadas/Documents/Unreal Projects/IntoTheLabyrinth/Content/Textures/T_Pack_09_N.uasset" 443
"../../../../../../Users/dadas/Documents/Unreal Projects/IntoTheLabyrinth/Content/Textures/T_Pack_09_RM.uasset" 444
"../../../../../../Users/dadas/Documents/Unreal Projects/IntoTheLabyrinth/Content/Materials/M_Inst_Pack_09.uasset" 445
"../../../../../../Users/dadas/Documents/Unreal Projects/IntoTheLabyrinth/Content/meshes/SM_House_Var02.uasset" 446
"../../../../../../Users/dadas/Documents/Unreal Projects/IntoTheLabyrinth/Content/meshes/SM_Logs_Var02.uasset" 447
"../../../../../../Users/dadas/Documents/Unreal Projects/IntoTheLabyrinth/Content/meshes/SM_Sack_Var01.uasset" 448
"../../../../../../Users/dadas/Documents/Unreal Projects/IntoTheLabyrinth/Content/meshes/SM_Sack_Var02.uasset" 449
"../../../../../../Users/dadas/Documents/Unreal Projects/IntoTheLabyrinth/Content/meshes/SM_Stone_Big_Var01.uasset" 450
"../../../../../../Users/dadas/Documents/Unreal Projects/IntoTheLabyrinth/Content/meshes/SM_Stone_Big_Var02.uasset" 451
"../../../../../../Users/dadas/Documents/Unreal Projects/IntoTheLabyrinth/Content/meshes/SM_Stone_Big_Var03.uasset" 452
"../../../../../../Users/dadas/Documents/Unreal Projects/IntoTheLabyrinth/Content/meshes/SM_Stone_Big_Var05.uasset" 453
"../../../../../../Users/dadas/Documents/Unreal Projects/IntoTheLabyrinth/Content/meshes/SM_Stone_Medium_Var03.uasset" 454
"../../../../../../Users/dadas/Documents/Unreal Projects/IntoTheLabyrinth/Content/meshes/SM_Stone_Medium_Var04.uasset" 455
"../../../../../../Users/dadas/Documents/Unreal Projects/IntoTheLabyrinth/Content/meshes/SM_StoneFlat_Var01.uasset" 456
"../../../../../../Users/dadas/Documents/Unreal Projects/IntoTheLabyrinth/Content/materials/M_Inst_Pack_03_LightsOn.uasset" 457
"../../../../../../Users/dadas/Documents/Unreal Projects/IntoTheLabyrinth/Content/meshes/SM_StreetLight_LightsOn.uasset" 458
"../../../../../../Users/dadas/Documents/Unreal Projects/IntoTheLabyrinth/Content/meshes/SM_Treestump_Var02.uasset" 459
"../../../../../../Users/dadas/Documents/Unreal Projects/IntoTheLabyrinth/Content/Maps/test_level.umap" 460
"../../../../../../Users/dadas/Documents/Unreal Projects/IntoTheLabyrinth/Content/Maps/test_level1_BuiltData.uasset" 461
"../../../../../../Users/dadas/Documents/Unreal Projects/IntoTheLabyrinth/Content/materials/laberynth_collisions.uasset" 462
"../../../../../../Users/dadas/Documents/Unreal Projects/IntoTheLabyrinth/Content/Maps/test_level1.umap" 463
"../../../../../../Users/dadas/Documents/Unreal Projects/IntoTheLabyrinth/Content/AdvancedVillagePack/Animations/Butterfly_Anim_Var01_Anim.uasset" 464
"../../../../../../Users/dadas/Documents/Unreal Projects/IntoTheLabyrinth/Content/AdvancedVillagePack/Animations/Butterfly_Anim_Var02_Anim.uasset" 465
"../../../../../../Users/dadas/Documents/Unreal Projects/IntoTheLabyrinth/Content/AdvancedVillagePack/Animations/Butterfly_Anim_Var03_Anim.uasset" 466
"../../../../../../Users/dadas/Documents/Unreal Projects/IntoTheLabyrinth/Content/AdvancedVillagePack/Animations/Butterfly_Anim_Var04_Anim.uasset" 467
"../../../../../../Users/dadas/Documents/Unreal Projects/IntoTheLabyrinth/Content/AdvancedVillagePack/Animations/Butterfly_Anim_Var05_Anim.uasset" 468
"../../../../../../Users/dadas/Documents/Unreal Projects/IntoTheLabyrinth/Content/Textures/Effects/T_Butterflies_D.uasset" 469
"../../../../../../Users/dadas/Documents/Unreal Projects/IntoTheLabyrinth/Content/Textures/Effects/T_Butterflies_O.uasset" 470
"../../../../../../Users/dadas/Documents/Unreal Projects/IntoTheLabyrinth/Content/Materials/M_Simple_Cutout.uasset" 471
"../../../../../../Users/dadas/Documents/Unreal Projects/IntoTheLabyrinth/Content/Materials/M_Inst_Butterflies.uasset" 472
"../../../../../../Users/dadas/Documents/Unreal Projects/IntoTheLabyrinth/Content/AdvancedVillagePack/Animations/Butterfly_Anim_Var01.uasset" 473
"../../../../../../Users/dadas/Documents/Unreal Projects/IntoTheLabyrinth/Content/meshes/ButterflyBody.uasset" 474
"../../../../../../Users/dadas/Documents/Unreal Projects/IntoTheLabyrinth/Content/meshes/ButterflyWing.uasset" 475
"../../../../../../Users/dadas/Documents/Unreal Projects/IntoTheLabyrinth/Content/Blueprints/BP_Butterfly.uasset" 476
"../../../../../../Users/dadas/Documents/Unreal Projects/IntoTheLabyrinth/Content/Blueprints/BP_CampFire_OnDayOnNight.uasset" 477
"../../../../../../Users/dadas/Documents/Unreal Projects/IntoTheLabyrinth/Content/Blueprints/BP_House_Var01.uasset" 478
"../../../../../../Users/dadas/Documents/Unreal Projects/IntoTheLabyrinth/Content/meshes/SM_House_Var02_Extra.uasset" 479
"../../../../../../Users/dadas/Documents/Unreal Projects/IntoTheLabyrinth/Content/Blueprints/BP_House_Var02.uasset" 480
"../../../../../../Users/dadas/Documents/Unreal Projects/IntoTheLabyrinth/Content/Blueprints/BP_House_Var02_OnDayOnNight.uasset" 481
"../../../../../../Users/dadas/Documents/Unreal Projects/IntoTheLabyrinth/Content/Blueprints/BP_Street_Lamp_OnDayOnNight.uasset" 482
"../../../../../../Users/dadas/Documents/Unreal Projects/IntoTheLabyrinth/Content/Blueprints/Misc/BP_Misc_Text.uasset" 483
"../../../Engine/Content/TemplateResources/M_Template_Master.uasset" 484
"../../../Engine/Content/TemplateResources/MI_Template_BaseGray_03_Metal.uasset" 485
"../../../../../../Users/dadas/Documents/Unreal Projects/IntoTheLabyrinth/Content/Materials/M_Pfx_DustParticles.uasset" 486
"../../../../../../Users/dadas/Documents/Unreal Projects/IntoTheLabyrinth/Content/Effects/Pfx_DustParticles.uasset" 487
"../../../../../../Users/dadas/Documents/Unreal Projects/IntoTheLabyrinth/Content/Effects/Pfx_Mist.uasset" 488
"../../../../../../Users/dadas/Documents/Unreal Projects/IntoTheLabyrinth/Content/meshes/SM_Apple.uasset" 489
"../../../../../../Users/dadas/Documents/Unreal Projects/IntoTheLabyrinth/Content/meshes/SM_Axe.uasset" 490
"../../../../../../Users/dadas/Documents/Unreal Projects/IntoTheLabyrinth/Content/meshes/SM_Barrel.uasset" 491
"../../../../../../Users/dadas/Documents/Unreal Projects/IntoTheLabyrinth/Content/meshes/SM_Boat.uasset" 492
"../../../../../../Users/dadas/Documents/Unreal Projects/IntoTheLabyrinth/Content/meshes/SM_Bridge_Var02.uasset" 493
"../../../../../../Users/dadas/Documents/Unreal Projects/IntoTheLabyrinth/Content/meshes/SM_Bridge_Var03.uasset" 494
"../../../../../../Users/dadas/Documents/Unreal Projects/IntoTheLabyrinth/Content/meshes/SM_Bridge_Var04.uasset" 495
"../../../../../../Users/dadas/Documents/Unreal Projects/IntoTheLabyrinth/Content/meshes/SM_Bucket.uasset" 496
"../../../../../../Users/dadas/Documents/Unreal Projects/IntoTheLabyrinth/Content/meshes/SM_Cart_Var02.uasset" 497
"../../../../../../Users/dadas/Documents/Unreal Projects/IntoTheLabyrinth/Content/meshes/SM_Cauldron.uasset" 498
"../../../../../../Users/dadas/Documents/Unreal Projects/IntoTheLabyrinth/Content/meshes/SM_Crate_Open.uasset" 499
"../../../../../../Users/dadas/Documents/Unreal Projects/IntoTheLabyrinth/Content/meshes/SM_Fence_Var01.uasset" 500
"../../../../../../Users/dadas/Documents/Unreal Projects/IntoTheLabyrinth/Content/meshes/SM_Fence_Var02.uasset" 501
"../../../../../../Users/dadas/Documents/Unreal Projects/IntoTheLabyrinth/Content/meshes/SM_Fence_Var03.uasset" 502
"../../../../../../Users/dadas/Documents/Unreal Projects/IntoTheLabyrinth/Content/meshes/SM_Fence_Var04.uasset" 503
"../../../../../../Users/dadas/Documents/Unreal Projects/IntoTheLabyrinth/Content/meshes/SM_Hay_Small_Var01.uasset" 504
"../../../../../../Users/dadas/Documents/Unreal Projects/IntoTheLabyrinth/Content/meshes/SM_Hay_Small_Var02.uasset" 505
"../../../../../../Users/dadas/Documents/Unreal Projects/IntoTheLabyrinth/Content/meshes/SM_Hay_Stack.uasset" 506
"../../../../../../Users/dadas/Documents/Unreal Projects/IntoTheLabyrinth/Content/materials/M_Inst_Pack_05_LightsOn.uasset" 507
"../../../../../../Users/dadas/Documents/Unreal Projects/IntoTheLabyrinth/Content/meshes/SM_House_Var01_Extra01_LightsOn.uasset" 508
"../../../../../../Users/dadas/Documents/Unreal Projects/IntoTheLabyrinth/Content/meshes/SM_House_Var01_Extra02_LightsOn.uasset" 509
"../../../../../../Users/dadas/Documents/Unreal Projects/IntoTheLabyrinth/Content/materials/M_Inst_Pack_04_LightsOn.uasset" 510
"../../../../../../Users/dadas/Documents/Unreal Projects/IntoTheLabyrinth/Content/meshes/SM_House_Var01_LightsOn.uasset" 511
"../../../../../../Users/dadas/Documents/Unreal Projects/IntoTheLabyrinth/Content/materials/M_Inst_Pack_09_LightsOn.uasset" 512
"../../../../../../Users/dadas/Documents/Unreal Projects/IntoTheLabyrinth/Content/meshes/SM_House_Var02_LightsOn.uasset" 513
"../../../../../../Users/dadas/Documents/Unreal Projects/IntoTheLabyrinth/Content/meshes/SM_Ladder.uasset" 514
"../../../../../../Users/dadas/Documents/Unreal Projects/IntoTheLabyrinth/Content/meshes/SM_Log_Var04.uasset" 515
"../../../../../../Users/dadas/Documents/Unreal Projects/IntoTheLabyrinth/Content/meshes/SM_Logs_Var01.uasset" 516
"../../../../../../Users/dadas/Documents/Unreal Projects/IntoTheLabyrinth/Content/meshes/SM_Mushroom_Var02.uasset" 517
"../../../../../../Users/dadas/Documents/Unreal Projects/IntoTheLabyrinth/Content/meshes/SM_Pitchfork.uasset" 518
"../../../../../../Users/dadas/Documents/Unreal Projects/IntoTheLabyrinth/Content/meshes/SM_Plant.uasset" 519
"../../../../../../Users/dadas/Documents/Unreal Projects/IntoTheLabyrinth/Content/meshes/SM_Pot_Var01.uasset" 520
"../../../../../../Users/dadas/Documents/Unreal Projects/IntoTheLabyrinth/Content/meshes/SM_Pot_Var02.uasset" 521
"../../../../../../Users/dadas/Documents/Unreal Projects/IntoTheLabyrinth/Content/meshes/SM_Pot_Var03.uasset" 522
"../../../../../../Users/dadas/Documents/Unreal Projects/IntoTheLabyrinth/Content/meshes/SM_Pot_Var04.uasset" 523
"../../../../../../Users/dadas/Documents/Unreal Projects/IntoTheLabyrinth/Content/meshes/SM_Pot_Var05.uasset" 524
"../../../../../../Users/dadas/Documents/Unreal Projects/IntoTheLabyrinth/Content/meshes/SM_Pot_Var06.uasset" 525
"../../../../../../Users/dadas/Documents/Unreal Projects/IntoTheLabyrinth/Content/meshes/SM_Potato.uasset" 526
"../../../../../../Users/dadas/Documents/Unreal Projects/IntoTheLabyrinth/Content/meshes/SM_Pumpkin_Var01.uasset" 527
"../../../../../../Users/dadas/Documents/Unreal Projects/IntoTheLabyrinth/Content/meshes/SM_Pumpkin_Var02.uasset" 528
"../../../../../../Users/dadas/Documents/Unreal Projects/IntoTheLabyrinth/Content/meshes/SM_Pumpkin_Var03.uasset" 529
"../../../../../../Users/dadas/Documents/Unreal Projects/IntoTheLabyrinth/Content/meshes/SM_Sack_Apple.uasset" 530
"../../../../../../Users/dadas/Documents/Unreal Projects/IntoTheLabyrinth/Content/meshes/SM_Sack_Flour.uasset" 531
"../../../../../../Users/dadas/Documents/Unreal Projects/IntoTheLabyrinth/Content/meshes/SM_Sack_Potato.uasset" 532
"../../../../../../Users/dadas/Documents/Unreal Projects/IntoTheLabyrinth/Content/meshes/SM_Sack_Tomato.uasset" 533
"../../../../../../Users/dadas/Documents/Unreal Projects/IntoTheLabyrinth/Content/meshes/SM_SackWithApples.uasset" 534
"../../../../../../Users/dadas/Documents/Unreal Projects/IntoTheLabyrinth/Content/meshes/SM_SackWithPotatoes.uasset" 535
"../../../../../../Users/dadas/Documents/Unreal Projects/IntoTheLabyrinth/Content/meshes/SM_SackWithTomatoes.uasset" 536
"../../../../../../Users/dadas/Documents/Unreal Projects/IntoTheLabyrinth/Content/meshes/SM_Stone_Big_Var04.uasset" 537
"../../../../../../Users/dadas/Documents/Unreal Projects/IntoTheLabyrinth/Content/meshes/SM_Stone_Medium_Var01.uasset" 538
"../../../../../../Users/dadas/Documents/Unreal Projects/IntoTheLabyrinth/Content/meshes/SM_Stone_Medium_Var02.uasset" 539
"../../../../../../Users/dadas/Documents/Unreal Projects/IntoTheLabyrinth/Content/meshes/SM_Stone_Medium_Var05.uasset" 540
"../../../../../../Users/dadas/Documents/Unreal Projects/IntoTheLabyrinth/Content/meshes/SM_StoneFlat_Var02.uasset" 541
"../../../../../../Users/dadas/Documents/Unreal Projects/IntoTheLabyrinth/Content/meshes/SM_StoneFlat_Var03.uasset" 542
"../../../../../../Users/dadas/Documents/Unreal Projects/IntoTheLabyrinth/Content/meshes/SM_StoneFlat_Var04.uasset" 543
"../../../../../../Users/dadas/Documents/Unreal Projects/IntoTheLabyrinth/Content/meshes/SM_StoneFlat_Var05.uasset" 544
"../../../../../../Users/dadas/Documents/Unreal Projects/IntoTheLabyrinth/Content/meshes/SM_Stonepath_Var01.uasset" 545
"../../../../../../Users/dadas/Documents/Unreal Projects/IntoTheLabyrinth/Content/meshes/SM_Stonepath_Var02.uasset" 546
"../../../../../../Users/dadas/Documents/Unreal Projects/IntoTheLabyrinth/Content/meshes/SM_Stonepath_Var03.uasset" 547
"../../../../../../Users/dadas/Documents/Unreal Projects/IntoTheLabyrinth/Content/meshes/SM_Tomato.uasset" 548
"../../../../../../Users/dadas/Documents/Unreal Projects/IntoTheLabyrinth/Content/meshes/SM_Torch_Var01.uasset" 549
"../../../../../../Users/dadas/Documents/Unreal Projects/IntoTheLabyrinth/Content/meshes/SM_Treestump_Var01.uasset" 550
"../../../../../../Users/dadas/Documents/Unreal Projects/IntoTheLabyrinth/Content/meshes/SM_Watermellon.uasset" 551
"../../../../../../Users/dadas/Documents/Unreal Projects/IntoTheLabyrinth/Content/meshes/SM_Wheel.uasset" 552
"../../../../../../Users/dadas/Documents/Unreal Projects/IntoTheLabyrinth/Content/AdvancedVillagePack/Maps/AdvancedVillagePack_Overview.umap" 553
"../../../../../../Users/dadas/Documents/Unreal Projects/IntoTheLabyrinth/Content/Blueprints/Misc/BP_Misc_DayNight_Cycle.uasset" 554
"../../../../../../Users/dadas/Documents/Unreal Projects/IntoTheLabyrinth/Content/AdvancedVillagePack/Maps/AdvancedVillagePack_DemoScene_sharedassets/Layer01_LayerInfo.uasset" 555
"../../../../../../Users/dadas/Documents/Unreal Projects/IntoTheLabyrinth/Content/AdvancedVillagePack/Maps/AdvancedVillagePack_DemoScene_sharedassets/Layer02_LayerInfo.uasset" 556
"../../../../../../Users/dadas/Documents/Unreal Projects/IntoTheLabyrinth/Content/AdvancedVillagePack/Maps/AdvancedVillagePack_DemoScene_sharedassets/Layer03_LayerInfo.uasset" 557
"../../../../../../Users/dadas/Documents/Unreal Projects/IntoTheLabyrinth/Content/Textures/Landscape/T_Landscape_Grass_DH.uasset" 558
"../../../../../../Users/dadas/Documents/Unreal Projects/IntoTheLabyrinth/Content/Textures/Landscape/T_Landscape_Grass_N.uasset" 559
"../../../../../../Users/dadas/Documents/Unreal Projects/IntoTheLabyrinth/Content/Textures/Landscape/T_Landscape_Pebbles_DH.uasset" 560
"../../../../../../Users/dadas/Documents/Unreal Projects/IntoTheLabyrinth/Content/Textures/Landscape/T_Landscape_Pebbles_N.uasset" 561
"../../../../../../Users/dadas/Documents/Unreal Projects/IntoTheLabyrinth/Content/Textures/Landscape/T_Landscape_Soil_DH.uasset" 562
"../../../../../../Users/dadas/Documents/Unreal Projects/IntoTheLabyrinth/Content/Textures/Landscape/T_Landscape_Soil_N.uasset" 563
"../../../../../../Users/dadas/Documents/Unreal Projects/IntoTheLabyrinth/Content/Materials/M_Landscape.uasset" 564
"../../../../../../Users/dadas/Documents/Unreal Projects/IntoTheLabyrinth/Content/Materials/M_Inst_Landscape.uasset" 565
"../../../../../../Users/dadas/Documents/Unreal Projects/IntoTheLabyrinth/Content/Materials/M_Water.uasset" 566
"../../../../../../Users/dadas/Documents/Unreal Projects/IntoTheLabyrinth/Content/Materials/M_Inst_Water.uasset" 567
"../../../../../../Users/dadas/Documents/Unreal Projects/IntoTheLabyrinth/Content/meshes/SM_Plane_1x1.uasset" 568
"../../../../../../Users/dadas/Documents/Unreal Projects/IntoTheLabyrinth/Content/AdvancedVillagePack/Maps/AdvancedVillagePack_Showcase.umap" 569
"../../../Engine/Content/Maps/Entry_BuiltData.uasset" 570
"../../../Engine/Content/Maps/Entry.umap" 571
